[INFO] Scanning for projects...
[INFO] 
[INFO] ------------------< com.goldapp:gold-trading-backend >------------------
[INFO] Building Gold Trading Backend 1.0.0
[INFO]   from pom.xml
[INFO] --------------------------------[ jar ]---------------------------------
[INFO] 
[INFO] >>> spring-boot:3.1.5:run (default-cli) > test-compile @ gold-trading-backend >>>
[INFO] 
[INFO] --- resources:3.3.1:resources (default-resources) @ gold-trading-backend ---
[INFO] Copying 3 resources from src/main/resources to target/classes
[INFO] Copying 3 resources from src/main/resources to target/classes
[INFO] 
[INFO] --- compiler:3.11.0:compile (default-compile) @ gold-trading-backend ---
[INFO] Nothing to compile - all classes are up to date
[INFO] 
[INFO] --- resources:3.3.1:testResources (default-testResources) @ gold-trading-backend ---
[INFO] skip non existing resourceDirectory /Users/C58629A/Documents/ProjectsJHipster/gold-app/backend/src/test/resources
[INFO] 
[INFO] --- compiler:3.11.0:testCompile (default-testCompile) @ gold-trading-backend ---
[INFO] No sources to compile
[INFO] 
[INFO] <<< spring-boot:3.1.5:run (default-cli) < test-compile @ gold-trading-backend <<<
[INFO] 
[INFO] 
[INFO] --- spring-boot:3.1.5:run (default-cli) @ gold-trading-backend ---
[INFO] Attaching agents: []

  .   ____          _            __ _ _
 /\\ / ___'_ __ _ _(_)_ __  __ _ \ \ \ \
( ( )\___ | '_ | '_| | '_ \/ _` | \ \ \ \
 \\/  ___)| |_)| | | | | || (_| |  ) ) ) )
  '  |____| .__|_| |_|_| |_\__, | / / / /
 =========|_|==============|___/=/_/_/_/
 :: Spring Boot ::                (v3.1.5)

2025-09-22T20:09:03.453+01:00  INFO 65817 --- [           main] com.goldapp.GoldTradingApplication       : Starting GoldTradingApplication using Java 17.0.16 with PID 65817 (/Users/C58629A/Documents/ProjectsJHipster/gold-app/backend/target/classes started by C58629A in /Users/C58629A/Documents/ProjectsJHipster/gold-app/backend)
2025-09-22T20:09:03.455+01:00 DEBUG 65817 --- [           main] com.goldapp.GoldTradingApplication       : Running with Spring Boot v3.1.5, Spring v6.0.13
2025-09-22T20:09:03.455+01:00  INFO 65817 --- [           main] com.goldapp.GoldTradingApplication       : The following 1 profile is active: "dev"
2025-09-22T20:09:03.874+01:00  INFO 65817 --- [           main] .s.d.r.c.RepositoryConfigurationDelegate : Bootstrapping Spring Data JPA repositories in DEFAULT mode.
2025-09-22T20:09:03.933+01:00  INFO 65817 --- [           main] .s.d.r.c.RepositoryConfigurationDelegate : Finished Spring Data repository scanning in 56 ms. Found 3 JPA repository interfaces.
2025-09-22T20:09:04.228+01:00  INFO 65817 --- [           main] o.s.b.w.embedded.tomcat.TomcatWebServer  : Tomcat initialized with port(s): 8080 (http)
2025-09-22T20:09:04.232+01:00  INFO 65817 --- [           main] o.apache.catalina.core.StandardService   : Starting service [Tomcat]
2025-09-22T20:09:04.232+01:00  INFO 65817 --- [           main] o.apache.catalina.core.StandardEngine    : Starting Servlet engine: [Apache Tomcat/10.1.15]
2025-09-22T20:09:04.272+01:00  INFO 65817 --- [           main] o.a.c.c.C.[Tomcat].[localhost].[/]       : Initializing Spring embedded WebApplicationContext
2025-09-22T20:09:04.272+01:00  INFO 65817 --- [           main] w.s.c.ServletWebServerApplicationContext : Root WebApplicationContext: initialization completed in 797 ms
2025-09-22T20:09:04.324+01:00  INFO 65817 --- [           main] com.zaxxer.hikari.HikariDataSource       : HikariPool-1 - Starting...
2025-09-22T20:09:04.404+01:00  INFO 65817 --- [           main] com.zaxxer.hikari.pool.HikariPool        : HikariPool-1 - Added connection conn0: url=jdbc:h2:mem:testdb user=SA
2025-09-22T20:09:04.405+01:00  INFO 65817 --- [           main] com.zaxxer.hikari.HikariDataSource       : HikariPool-1 - Start completed.
2025-09-22T20:09:04.410+01:00  INFO 65817 --- [           main] o.s.b.a.h2.H2ConsoleAutoConfiguration    : H2 console available at '/h2-console'. Database available at 'jdbc:h2:mem:testdb'
2025-09-22T20:09:04.472+01:00 DEBUG 65817 --- [           main] com.goldapp.config.JwtRequestFilter      : Filter 'jwtRequestFilter' configured for use
2025-09-22T20:09:04.529+01:00  INFO 65817 --- [           main] o.hibernate.jpa.internal.util.LogHelper  : HHH000204: Processing PersistenceUnitInfo [name: default]
2025-09-22T20:09:04.548+01:00  INFO 65817 --- [           main] org.hibernate.Version                    : HHH000412: Hibernate ORM core version 6.2.13.Final
2025-09-22T20:09:04.549+01:00  INFO 65817 --- [           main] org.hibernate.cfg.Environment            : HHH000406: Using bytecode reflection optimizer
2025-09-22T20:09:04.645+01:00  INFO 65817 --- [           main] o.s.o.j.p.SpringPersistenceUnitInfo      : No LoadTimeWeaver setup: ignoring JPA class transformer
2025-09-22T20:09:04.662+01:00  WARN 65817 --- [           main] org.hibernate.dialect.Dialect            : HHH000511: The 2.1.0 version for [org.hibernate.dialect.PostgreSQLDialect] is no longer supported, hence certain features may not work properly. The minimum supported version is 10.0.0. Check the community dialects project for available legacy versions.
2025-09-22T20:09:04.664+01:00  WARN 65817 --- [           main] org.hibernate.orm.deprecation            : HHH90000025: PostgreSQLDialect does not need to be specified explicitly using 'hibernate.dialect' (remove the property setting and it will be selected by default)
2025-09-22T20:09:05.053+01:00  INFO 65817 --- [           main] o.h.e.t.j.p.i.JtaPlatformInitiator       : HHH000489: No JTA platform available (set 'hibernate.transaction.jta.platform' to enable JTA platform integration)
2025-09-22T20:09:05.054+01:00  INFO 65817 --- [           main] j.LocalContainerEntityManagerFactoryBean : Initialized JPA EntityManagerFactory for persistence unit 'default'
2025-09-22T20:09:05.233+01:00  INFO 65817 --- [           main] o.s.d.j.r.query.QueryEnhancerFactory     : Hibernate is in classpath; If applicable, HQL parser will be used.
2025-09-22T20:09:05.499+01:00  WARN 65817 --- [           main] JpaBaseConfiguration$JpaWebConfiguration : spring.jpa.open-in-view is enabled by default. Therefore, database queries may be performed during view rendering. Explicitly configure spring.jpa.open-in-view to disable this warning
2025-09-22T20:09:05.560+01:00  INFO 65817 --- [           main] o.s.s.web.DefaultSecurityFilterChain     : Will secure any request with [org.springframework.security.web.session.DisableEncodeUrlFilter@4d4f6121, org.springframework.security.web.context.request.async.WebAsyncManagerIntegrationFilter@2845fd12, org.springframework.security.web.context.SecurityContextHolderFilter@7eba962d, org.springframework.security.web.header.HeaderWriterFilter@7668edd7, org.springframework.security.web.authentication.logout.LogoutFilter@35d8a046, com.goldapp.config.JwtRequestFilter@5b066c33, org.springframework.security.web.savedrequest.RequestCacheAwareFilter@74f6237, org.springframework.security.web.servletapi.SecurityContextHolderAwareRequestFilter@7a461744, org.springframework.security.web.authentication.AnonymousAuthenticationFilter@6c366d3, org.springframework.security.web.session.SessionManagementFilter@62d10834, org.springframework.security.web.access.ExceptionTranslationFilter@5a95090a, org.springframework.security.web.access.intercept.AuthorizationFilter@22b8eaf0]
2025-09-22T20:09:05.895+01:00  INFO 65817 --- [           main] o.s.b.a.e.web.EndpointLinksResolver      : Exposing 3 endpoint(s) beneath base path '/actuator'
2025-09-22T20:09:05.953+01:00  INFO 65817 --- [           main] o.s.b.w.embedded.tomcat.TomcatWebServer  : Tomcat started on port(s): 8080 (http) with context path ''
2025-09-22T20:09:05.963+01:00  INFO 65817 --- [           main] com.goldapp.GoldTradingApplication       : Started GoldTradingApplication in 2.661 seconds (process running for 2.878)
Hibernate: 
    select
        g1_0.id,
        g1_0.buy_price,
        g1_0.currency,
        g1_0.is_active,
        g1_0.sell_price,
        g1_0.timestamp,
        g1_0.unit 
    from
        gold_prices g1_0 
    where
        g1_0.is_active=true 
    order by
        g1_0.timestamp desc
Hibernate: 
    select
        g1_0.id,
        g1_0.buy_price,
        g1_0.currency,
        g1_0.is_active,
        g1_0.sell_price,
        g1_0.timestamp,
        g1_0.unit 
    from
        gold_prices g1_0 
    where
        g1_0.is_active=true 
    order by
        g1_0.timestamp desc
Hibernate: 
    insert 
    into
        gold_prices
        (buy_price,currency,is_active,sell_price,timestamp,unit) 
    values
        (?,?,?,?,?,?)
Hibernate: 
    update
        gold_prices 
    set
        buy_price=?,
        currency=?,
        is_active=?,
        sell_price=?,
        unit=? 
    where
        id=?
2025-09-22T20:09:25.369+01:00  INFO 65817 --- [nio-8080-exec-1] o.a.c.c.C.[Tomcat].[localhost].[/]       : Initializing Spring DispatcherServlet 'dispatcherServlet'
2025-09-22T20:09:25.369+01:00  INFO 65817 --- [nio-8080-exec-1] o.s.web.servlet.DispatcherServlet        : Initializing Servlet 'dispatcherServlet'
2025-09-22T20:09:25.370+01:00  INFO 65817 --- [nio-8080-exec-1] o.s.web.servlet.DispatcherServlet        : Completed initialization in 1 ms
2025-09-22T20:09:25.378+01:00 DEBUG 65817 --- [nio-8080-exec-1] o.s.security.web.FilterChainProxy        : Securing GET /actuator/health
2025-09-22T20:09:25.384+01:00 DEBUG 65817 --- [nio-8080-exec-1] o.s.s.w.a.AnonymousAuthenticationFilter  : Set SecurityContextHolder to anonymous SecurityContext
2025-09-22T20:09:25.387+01:00 DEBUG 65817 --- [nio-8080-exec-1] o.s.security.web.FilterChainProxy        : Secured GET /actuator/health
2025-09-22T20:10:18.068+01:00 DEBUG 65817 --- [nio-8080-exec-3] o.s.security.web.FilterChainProxy        : Securing POST /api/auth/signin
2025-09-22T20:10:18.069+01:00 DEBUG 65817 --- [nio-8080-exec-3] o.s.s.w.a.AnonymousAuthenticationFilter  : Set SecurityContextHolder to anonymous SecurityContext
2025-09-22T20:10:18.069+01:00 DEBUG 65817 --- [nio-8080-exec-3] o.s.security.web.FilterChainProxy        : Secured POST /api/auth/signin
Hibernate: 
    select
        u1_0.id,
        u1_0.account_balance,
        u1_0.created_at,
        u1_0.email,
        u1_0.enabled,
        u1_0.first_name,
        u1_0.gold_holdings,
        u1_0.last_name,
        u1_0.password,
        u1_0.phone_number,
        u1_0.role,
        u1_0.updated_at,
        u1_0.username 
    from
        users u1_0 
    where
        u1_0.username=? 
        or u1_0.email=?
2025-09-22T20:10:18.280+01:00 DEBUG 65817 --- [nio-8080-exec-3] o.s.s.a.dao.DaoAuthenticationProvider    : Failed to find user 'testuser'
2025-09-22T20:10:28.042+01:00 DEBUG 65817 --- [nio-8080-exec-4] o.s.security.web.FilterChainProxy        : Securing POST /api/auth/signup
2025-09-22T20:10:28.043+01:00 DEBUG 65817 --- [nio-8080-exec-4] o.s.s.w.a.AnonymousAuthenticationFilter  : Set SecurityContextHolder to anonymous SecurityContext
2025-09-22T20:10:28.043+01:00 DEBUG 65817 --- [nio-8080-exec-4] o.s.security.web.FilterChainProxy        : Secured POST /api/auth/signup
Hibernate: 
    select
        u1_0.id 
    from
        users u1_0 
    where
        u1_0.username=? 
    fetch
        first ? rows only
Hibernate: 
    select
        u1_0.id 
    from
        users u1_0 
    where
        u1_0.email=? 
    fetch
        first ? rows only
Hibernate: 
    insert 
    into
        users
        (account_balance,created_at,email,enabled,first_name,gold_holdings,last_name,password,phone_number,role,updated_at,username) 
    values
        (?,?,?,?,?,?,?,?,?,?,?,?)
2025-09-22T20:10:37.285+01:00 DEBUG 65817 --- [nio-8080-exec-6] o.s.security.web.FilterChainProxy        : Securing POST /api/auth/signin
2025-09-22T20:10:37.286+01:00 DEBUG 65817 --- [nio-8080-exec-6] o.s.s.w.a.AnonymousAuthenticationFilter  : Set SecurityContextHolder to anonymous SecurityContext
2025-09-22T20:10:37.286+01:00 DEBUG 65817 --- [nio-8080-exec-6] o.s.security.web.FilterChainProxy        : Secured POST /api/auth/signin
Hibernate: 
    select
        u1_0.id,
        u1_0.account_balance,
        u1_0.created_at,
        u1_0.email,
        u1_0.enabled,
        u1_0.first_name,
        u1_0.gold_holdings,
        u1_0.last_name,
        u1_0.password,
        u1_0.phone_number,
        u1_0.role,
        u1_0.updated_at,
        u1_0.username 
    from
        users u1_0 
    where
        u1_0.username=? 
        or u1_0.email=?
2025-09-22T20:10:37.400+01:00 DEBUG 65817 --- [nio-8080-exec-6] o.s.s.a.dao.DaoAuthenticationProvider    : Authenticated user
Hibernate: 
    select
        u1_0.id,
        u1_0.account_balance,
        u1_0.created_at,
        u1_0.email,
        u1_0.enabled,
        u1_0.first_name,
        u1_0.gold_holdings,
        u1_0.last_name,
        u1_0.password,
        u1_0.phone_number,
        u1_0.role,
        u1_0.updated_at,
        u1_0.username 
    from
        users u1_0 
    where
        u1_0.username=? 
        or u1_0.email=?
2025-09-22T20:10:52.728+01:00 DEBUG 65817 --- [nio-8080-exec-8] o.s.security.web.FilterChainProxy        : Securing GET /api/transactions/history
Hibernate: 
    select
        u1_0.id,
        u1_0.account_balance,
        u1_0.created_at,
        u1_0.email,
        u1_0.enabled,
        u1_0.first_name,
        u1_0.gold_holdings,
        u1_0.last_name,
        u1_0.password,
        u1_0.phone_number,
        u1_0.role,
        u1_0.updated_at,
        u1_0.username 
    from
        users u1_0 
    where
        u1_0.username=? 
        or u1_0.email=?
2025-09-22T20:10:52.743+01:00 DEBUG 65817 --- [nio-8080-exec-8] o.s.security.web.FilterChainProxy        : Secured GET /api/transactions/history
Hibernate: 
    select
        t1_0.id,
        t1_0.completed_at,
        t1_0.created_at,
        t1_0.description,
        t1_0.gold_amount,
        t1_0.price_per_ounce,
        t1_0.status,
        t1_0.total_amount,
        t1_0.type,
        t1_0.user_id 
    from
        transactions t1_0 
    where
        t1_0.user_id=? 
    order by
        t1_0.created_at desc 
    offset
        ? rows 
    fetch
        first ? rows only
2025-09-22T20:11:00.463+01:00 DEBUG 65817 --- [io-8080-exec-10] o.s.security.web.FilterChainProxy        : Securing POST /api/transactions/buy
Hibernate: 
    select
        u1_0.id,
        u1_0.account_balance,
        u1_0.created_at,
        u1_0.email,
        u1_0.enabled,
        u1_0.first_name,
        u1_0.gold_holdings,
        u1_0.last_name,
        u1_0.password,
        u1_0.phone_number,
        u1_0.role,
        u1_0.updated_at,
        u1_0.username 
    from
        users u1_0 
    where
        u1_0.username=? 
        or u1_0.email=?
2025-09-22T20:11:00.468+01:00 DEBUG 65817 --- [io-8080-exec-10] o.s.security.web.FilterChainProxy        : Secured POST /api/transactions/buy
2025-09-22T20:11:00.470+01:00  WARN 65817 --- [io-8080-exec-10] .w.s.m.s.DefaultHandlerExceptionResolver : Resolved [org.springframework.web.bind.MissingServletRequestParameterException: Required request parameter 'amount' for method parameter type BigDecimal is not present]
2025-09-22T20:11:00.472+01:00 DEBUG 65817 --- [io-8080-exec-10] o.s.security.web.FilterChainProxy        : Securing POST /error
2025-09-22T20:11:00.473+01:00 DEBUG 65817 --- [io-8080-exec-10] o.s.s.w.a.AnonymousAuthenticationFilter  : Set SecurityContextHolder to anonymous SecurityContext
2025-09-22T20:11:09.131+01:00 DEBUG 65817 --- [nio-8080-exec-2] o.s.security.web.FilterChainProxy        : Securing POST /api/auth/signin
2025-09-22T20:11:09.132+01:00 DEBUG 65817 --- [nio-8080-exec-2] o.s.s.w.a.AnonymousAuthenticationFilter  : Set SecurityContextHolder to anonymous SecurityContext
2025-09-22T20:11:09.132+01:00 DEBUG 65817 --- [nio-8080-exec-2] o.s.security.web.FilterChainProxy        : Secured POST /api/auth/signin
Hibernate: 
    select
        u1_0.id,
        u1_0.account_balance,
        u1_0.created_at,
        u1_0.email,
        u1_0.enabled,
        u1_0.first_name,
        u1_0.gold_holdings,
        u1_0.last_name,
        u1_0.password,
        u1_0.phone_number,
        u1_0.role,
        u1_0.updated_at,
        u1_0.username 
    from
        users u1_0 
    where
        u1_0.username=? 
        or u1_0.email=?
2025-09-22T20:11:09.291+01:00 DEBUG 65817 --- [nio-8080-exec-2] o.s.s.a.dao.DaoAuthenticationProvider    : Authenticated user
Hibernate: 
    select
        u1_0.id,
        u1_0.account_balance,
        u1_0.created_at,
        u1_0.email,
        u1_0.enabled,
        u1_0.first_name,
        u1_0.gold_holdings,
        u1_0.last_name,
        u1_0.password,
        u1_0.phone_number,
        u1_0.role,
        u1_0.updated_at,
        u1_0.username 
    from
        users u1_0 
    where
        u1_0.username=? 
        or u1_0.email=?
2025-09-22T20:11:17.956+01:00 DEBUG 65817 --- [nio-8080-exec-4] o.s.security.web.FilterChainProxy        : Securing POST /api/transactions/buy
Hibernate: 
    select
        u1_0.id,
        u1_0.account_balance,
        u1_0.created_at,
        u1_0.email,
        u1_0.enabled,
        u1_0.first_name,
        u1_0.gold_holdings,
        u1_0.last_name,
        u1_0.password,
        u1_0.phone_number,
        u1_0.role,
        u1_0.updated_at,
        u1_0.username 
    from
        users u1_0 
    where
        u1_0.username=? 
        or u1_0.email=?
2025-09-22T20:11:17.961+01:00 DEBUG 65817 --- [nio-8080-exec-4] o.s.security.web.FilterChainProxy        : Secured POST /api/transactions/buy
2025-09-22T20:11:17.961+01:00  WARN 65817 --- [nio-8080-exec-4] .w.s.m.s.DefaultHandlerExceptionResolver : Resolved [org.springframework.web.bind.MissingServletRequestParameterException: Required request parameter 'amount' for method parameter type BigDecimal is not present]
2025-09-22T20:11:17.962+01:00 DEBUG 65817 --- [nio-8080-exec-4] o.s.security.web.FilterChainProxy        : Securing POST /error
2025-09-22T20:11:17.962+01:00 DEBUG 65817 --- [nio-8080-exec-4] o.s.s.w.a.AnonymousAuthenticationFilter  : Set SecurityContextHolder to anonymous SecurityContext
2025-09-22T20:11:26.355+01:00 DEBUG 65817 --- [nio-8080-exec-6] o.s.security.web.FilterChainProxy        : Securing GET /api/transactions/history
Hibernate: 
    select
        u1_0.id,
        u1_0.account_balance,
        u1_0.created_at,
        u1_0.email,
        u1_0.enabled,
        u1_0.first_name,
        u1_0.gold_holdings,
        u1_0.last_name,
        u1_0.password,
        u1_0.phone_number,
        u1_0.role,
        u1_0.updated_at,
        u1_0.username 
    from
        users u1_0 
    where
        u1_0.username=? 
        or u1_0.email=?
2025-09-22T20:11:26.360+01:00 DEBUG 65817 --- [nio-8080-exec-6] o.s.security.web.FilterChainProxy        : Secured GET /api/transactions/history
Hibernate: 
    select
        t1_0.id,
        t1_0.completed_at,
        t1_0.created_at,
        t1_0.description,
        t1_0.gold_amount,
        t1_0.price_per_ounce,
        t1_0.status,
        t1_0.total_amount,
        t1_0.type,
        t1_0.user_id 
    from
        transactions t1_0 
    where
        t1_0.user_id=? 
    order by
        t1_0.created_at desc 
    offset
        ? rows 
    fetch
        first ? rows only
2025-09-22T20:11:45.749+01:00 DEBUG 65817 --- [nio-8080-exec-8] o.s.security.web.FilterChainProxy        : Securing POST /api/transactions/buy?amount=10.5
Hibernate: 
    select
        u1_0.id,
        u1_0.account_balance,
        u1_0.created_at,
        u1_0.email,
        u1_0.enabled,
        u1_0.first_name,
        u1_0.gold_holdings,
        u1_0.last_name,
        u1_0.password,
        u1_0.phone_number,
        u1_0.role,
        u1_0.updated_at,
        u1_0.username 
    from
        users u1_0 
    where
        u1_0.username=? 
        or u1_0.email=?
2025-09-22T20:11:45.753+01:00 DEBUG 65817 --- [nio-8080-exec-8] o.s.security.web.FilterChainProxy        : Secured POST /api/transactions/buy?amount=10.5
Hibernate: 
    select
        g1_0.id,
        g1_0.buy_price,
        g1_0.currency,
        g1_0.is_active,
        g1_0.sell_price,
        g1_0.timestamp,
        g1_0.unit 
    from
        gold_prices g1_0 
    where
        g1_0.is_active=true 
    order by
        g1_0.timestamp desc
2025-09-22T20:11:56.624+01:00 DEBUG 65817 --- [nio-8080-exec-9] o.s.security.web.FilterChainProxy        : Securing GET /api/transactions/history
Hibernate: 
    select
        u1_0.id,
        u1_0.account_balance,
        u1_0.created_at,
        u1_0.email,
        u1_0.enabled,
        u1_0.first_name,
        u1_0.gold_holdings,
        u1_0.last_name,
        u1_0.password,
        u1_0.phone_number,
        u1_0.role,
        u1_0.updated_at,
        u1_0.username 
    from
        users u1_0 
    where
        u1_0.username=? 
        or u1_0.email=?
2025-09-22T20:11:56.632+01:00 DEBUG 65817 --- [nio-8080-exec-9] o.s.security.web.FilterChainProxy        : Secured GET /api/transactions/history
Hibernate: 
    select
        t1_0.id,
        t1_0.completed_at,
        t1_0.created_at,
        t1_0.description,
        t1_0.gold_amount,
        t1_0.price_per_ounce,
        t1_0.status,
        t1_0.total_amount,
        t1_0.type,
        t1_0.user_id 
    from
        transactions t1_0 
    where
        t1_0.user_id=? 
    order by
        t1_0.created_at desc 
    offset
        ? rows 
    fetch
        first ? rows only
2025-09-22T20:26:05.495+01:00 DEBUG 65817 --- [nio-8080-exec-1] o.s.security.web.FilterChainProxy        : Securing OPTIONS /api/auth/signin
2025-09-22T20:26:05.497+01:00 DEBUG 65817 --- [nio-8080-exec-1] o.s.s.w.a.AnonymousAuthenticationFilter  : Set SecurityContextHolder to anonymous SecurityContext
2025-09-22T20:26:05.497+01:00 DEBUG 65817 --- [nio-8080-exec-1] o.s.security.web.FilterChainProxy        : Secured OPTIONS /api/auth/signin
2025-09-22T20:26:05.512+01:00 DEBUG 65817 --- [nio-8080-exec-2] o.s.security.web.FilterChainProxy        : Securing POST /api/auth/signin
2025-09-22T20:26:05.512+01:00 DEBUG 65817 --- [nio-8080-exec-2] o.s.s.w.a.AnonymousAuthenticationFilter  : Set SecurityContextHolder to anonymous SecurityContext
2025-09-22T20:26:05.512+01:00 DEBUG 65817 --- [nio-8080-exec-2] o.s.security.web.FilterChainProxy        : Secured POST /api/auth/signin
Hibernate: 
    select
        u1_0.id,
        u1_0.account_balance,
        u1_0.created_at,
        u1_0.email,
        u1_0.enabled,
        u1_0.first_name,
        u1_0.gold_holdings,
        u1_0.last_name,
        u1_0.password,
        u1_0.phone_number,
        u1_0.role,
        u1_0.updated_at,
        u1_0.username 
    from
        users u1_0 
    where
        u1_0.username=? 
        or u1_0.email=?
2025-09-22T20:26:05.619+01:00 DEBUG 65817 --- [nio-8080-exec-2] o.s.s.a.dao.DaoAuthenticationProvider    : Failed to authenticate since password does not match stored value
2025-09-22T20:28:24.982+01:00 DEBUG 65817 --- [nio-8080-exec-3] o.s.security.web.FilterChainProxy        : Securing GET /actuator/health
2025-09-22T20:28:24.982+01:00 DEBUG 65817 --- [nio-8080-exec-3] o.s.s.w.a.AnonymousAuthenticationFilter  : Set SecurityContextHolder to anonymous SecurityContext
2025-09-22T20:28:24.982+01:00 DEBUG 65817 --- [nio-8080-exec-3] o.s.security.web.FilterChainProxy        : Secured GET /actuator/health
2025-09-22T20:31:38.384+01:00  INFO 65817 --- [ionShutdownHook] j.LocalContainerEntityManagerFactoryBean : Closing JPA EntityManagerFactory for persistence unit 'default'
2025-09-22T20:31:38.386+01:00  INFO 65817 --- [ionShutdownHook] com.zaxxer.hikari.HikariDataSource       : HikariPool-1 - Shutdown initiated...
2025-09-22T20:31:38.387+01:00  INFO 65817 --- [ionShutdownHook] com.zaxxer.hikari.HikariDataSource       : HikariPool-1 - Shutdown completed.
[INFO] ------------------------------------------------------------------------
[INFO] BUILD FAILURE
[INFO] ------------------------------------------------------------------------
[INFO] Total time:  22:37 min
[INFO] Finished at: 2025-09-22T20:31:38+01:00
[INFO] ------------------------------------------------------------------------
[ERROR] Failed to execute goal org.springframework.boot:spring-boot-maven-plugin:3.1.5:run (default-cli) on project gold-trading-backend: Process terminated with exit code: 143 -> [Help 1]
[ERROR] 
[ERROR] To see the full stack trace of the errors, re-run Maven with the -e switch.
[ERROR] Re-run Maven using the -X switch to enable full debug logging.
[ERROR] 
[ERROR] For more information about the errors and possible solutions, please read the following articles:
[ERROR] [Help 1] http://cwiki.apache.org/confluence/display/MAVEN/MojoExecutionException
